<?xml version="1.0" encoding="UTF-8"?>

<testsuite name="flexunit.framework.WarningTestCase" tests="1" failures="0" errors="1" skipped="0" time="0.003" hostname="ksk-307" timestamp="2010-08-15T13:47:30">
  <testcase classname="flexunit.framework::WarningTestCase" name="Warning: No tests found in tests" time="0.003">
    <error message="Error #1069: Не удалось найти свойство Warning: No tests found in tests::BooleanConditionTest в flexunit.framework.WarningTestCase; отсутствует значение по умолчанию." type="flexunit.framework::WarningTestCase.Warning: No tests found in tests::BooleanConditionTest"><![CDATA[ReferenceError: Error #1069: Не удалось найти свойство Warning: No tests found in tests::BooleanConditionTest в flexunit.framework.WarningTestCase; отсутствует значение по умолчанию.
	at flexunit.framework::TestCase/runTestOrAsync()
	at flexunit.framework::TestCase/runMiddle()
	at flexunit.framework::ProtectedMiddleTestCase/protect()
	at flexunit.framework::TestResult/doProtected()
	at flexunit.framework::TestResult/doContinue()
	at flexunit.framework::TestResult/doRun()
	at flexunit.framework::TestResult/run()
	at flexunit.framework::TestCase/runWithResult()
	at flexunit.framework::TestSuite/runTest()
	at flexunit.framework::TestSuite/runNext()
	at flexunit.framework::TestSuite/runWithResult()
	at org.flexunit.internals.runners::FlexUnit1ClassRunner/run()
	at org.flexunit.runners::Suite/runChild()
	at org.flexunit.internals.runners::ChildRunnerSequencer/executeStep()
	at org.flexunit.internals.runners.statements::StatementSequencer/handleChildExecuteComplete()
	at org.flexunit.internals.runners.statements::StatementSequencer/evaluate()
	at org.flexunit.runners::ParentRunner/run()
	at org.flexunit.runner::FlexUnitCore/beginRunnerExecution()
	at org.flexunit.runner::FlexUnitCore/verifyRunnerCanBegin()
	at org.flexunit.token::AsyncCoreStartupToken/sendReady()
	at org.flexunit.runner.notification.async::AsyncListenerWatcher/sendReadyNotification()
	at org.flexunit.runner.notification.async::AsyncListenerWatcher/handleListenerReady()
	at flash.events::EventDispatcher/dispatchEventFunction()
	at flash.events::EventDispatcher/dispatchEvent()
	at org.flexunit.listeners::CIListener/setStatusReady()
	at org.flexunit.listeners::CIListener/dataHandler()
	at flash.events::EventDispatcher/dispatchEventFunction()
	at flash.events::EventDispatcher/dispatchEvent()
	at flash.net::XMLSocket/scanAndSendEvent()]]></error>
  </testcase>
</testsuite>
